
Unexpected Signal : EXCEPTION_ACCESS_VIOLATION (0xc0000005) occurred at PC=0x807A1FF
Function=[Unknown.]
Library=C:\Program Files\Java\j2re1.4.2_04\bin\client\jvm.dll

NOTE: We are unable to locate the function name symbol for the error
      just occurred. Please refer to release documentation for possible
      reason and solutions.


Current Java thread:
	at com.sun.java.swing.plaf.windows.XPStyle.getBitmapResource(Native Method)
	at com.sun.java.swing.plaf.windows.XPStyle.getImage(Unknown Source)
	- locked <0x103a5098> (a com.sun.java.swing.plaf.windows.XPStyle)
	at com.sun.java.swing.plaf.windows.XPStyle.access$200(Unknown Source)
	at com.sun.java.swing.plaf.windows.XPStyle$Skin.<init>(Unknown Source)
	at com.sun.java.swing.plaf.windows.XPStyle$Skin.<init>(Unknown Source)
	at com.sun.java.swing.plaf.windows.XPStyle.getSkin(Unknown Source)
	- locked <0x103a5098> (a com.sun.java.swing.plaf.windows.XPStyle)
	at com.sun.java.swing.plaf.windows.WindowsScrollBarUI$WindowsArrowButton.paint(Unknown Source)
	at javax.swing.JComponent.paintChildren(Unknown Source)
	- locked <0x105023c0> (a java.awt.Component$AWTTreeLock)
	at javax.swing.JComponent.paint(Unknown Source)
	at javax.swing.JComponent.paintChildren(Unknown Source)
	- locked <0x105023c0> (a java.awt.Component$AWTTreeLock)
	at javax.swing.JComponent.paint(Unknown Source)
	at javax.swing.JComponent.paintChildren(Unknown Source)
	- locked <0x105023c0> (a java.awt.Component$AWTTreeLock)
	at javax.swing.JComponent.paint(Unknown Source)
	at javax.swing.JComponent.paintChildren(Unknown Source)
	- locked <0x105023c0> (a java.awt.Component$AWTTreeLock)
	at javax.swing.JComponent.paint(Unknown Source)
	at javax.swing.JLayeredPane.paint(Unknown Source)
	at javax.swing.JComponent.paintChildren(Unknown Source)
	- locked <0x105023c0> (a java.awt.Component$AWTTreeLock)
	at javax.swing.JComponent.paintWithOffscreenBuffer(Unknown Source)
	at javax.swing.JComponent.paintDoubleBuffered(Unknown Source)
	at javax.swing.JComponent.paint(Unknown Source)
	at java.awt.GraphicsCallback$PaintCallback.run(Unknown Source)
	at sun.awt.SunGraphicsCallback.runOneComponent(Unknown Source)
	at sun.awt.SunGraphicsCallback.runComponents(Unknown Source)
	at java.awt.Container.paint(Unknown Source)
	at sun.awt.RepaintArea.paint(Unknown Source)
	at sun.awt.windows.WComponentPeer.handleEvent(Unknown Source)
	at java.awt.Component.dispatchEventImpl(Unknown Source)
	at java.awt.Container.dispatchEventImpl(Unknown Source)
	at java.awt.Window.dispatchEventImpl(Unknown Source)
	at java.awt.Component.dispatchEvent(Unknown Source)
	at java.awt.EventQueue.dispatchEvent(Unknown Source)
	at java.awt.EventDispatchThread.pumpOneEventForHierarchy(Unknown Source)
	at java.awt.EventDispatchThread.pumpEventsForHierarchy(Unknown Source)
	at java.awt.EventDispatchThread.pumpEvents(Unknown Source)
	at java.awt.EventDispatchThread.pumpEvents(Unknown Source)
	at java.awt.EventDispatchThread.run(Unknown Source)

Dynamic libraries:
0x00400000 - 0x00407000 	C:\Program Files\Java\j2re1.4.2_04\bin\javaw.exe
0x7C900000 - 0x7C9B0000 	C:\WINDOWS\system32\ntdll.dll
0x7C800000 - 0x7C8F4000 	C:\WINDOWS\system32\kernel32.dll
0x77DD0000 - 0x77E6B000 	C:\WINDOWS\system32\ADVAPI32.dll
0x77E70000 - 0x77F01000 	C:\WINDOWS\system32\RPCRT4.dll
0x77D40000 - 0x77DD0000 	C:\WINDOWS\system32\USER32.dll
0x77F10000 - 0x77F57000 	C:\WINDOWS\system32\GDI32.dll
0x77C10000 - 0x77C68000 	C:\WINDOWS\system32\MSVCRT.dll
0x76390000 - 0x763AD000 	C:\WINDOWS\system32\IMM32.DLL
0x629C0000 - 0x629C9000 	C:\WINDOWS\system32\LPK.DLL
0x74D90000 - 0x74DFB000 	C:\WINDOWS\system32\USP10.dll
0x08000000 - 0x08138000 	C:\Program Files\Java\j2re1.4.2_04\bin\client\jvm.dll
0x76B40000 - 0x76B6D000 	C:\WINDOWS\system32\WINMM.dll
0x10000000 - 0x10007000 	C:\Program Files\Java\j2re1.4.2_04\bin\hpi.dll
0x00940000 - 0x0094E000 	C:\Program Files\Java\j2re1.4.2_04\bin\verify.dll
0x00950000 - 0x00969000 	C:\Program Files\Java\j2re1.4.2_04\bin\java.dll
0x00970000 - 0x0097D000 	C:\Program Files\Java\j2re1.4.2_04\bin\zip.dll
0x02D60000 - 0x02E6F000 	C:\Program Files\Java\j2re1.4.2_04\bin\awt.dll
0x73000000 - 0x73026000 	C:\WINDOWS\system32\WINSPOOL.DRV
0x774E0000 - 0x7761D000 	C:\WINDOWS\system32\ole32.dll
0x5AD70000 - 0x5ADA8000 	C:\WINDOWS\system32\uxtheme.dll
0x030F0000 - 0x03140000 	C:\Program Files\Java\j2re1.4.2_04\bin\fontmanager.dll
0x73760000 - 0x737A9000 	C:\WINDOWS\system32\ddraw.dll
0x73BC0000 - 0x73BC6000 	C:\WINDOWS\system32\DCIMAN32.dll
0x73940000 - 0x73A10000 	C:\WINDOWS\system32\D3DIM700.DLL
0x74720000 - 0x7476B000 	C:\WINDOWS\system32\MSCTF.dll
0x03220000 - 0x0322E000 	C:\Program Files\MessengerPlus! 3\MsgPlusLoader1.dll
0x63000000 - 0x63013000 	C:\WINDOWS\system32\SynTPFcs.dll
0x77C00000 - 0x77C08000 	C:\WINDOWS\system32\VERSION.dll
0x03260000 - 0x03276000 	C:\Program Files\Logitech\SetPoint\lgscroll.dll
0x755C0000 - 0x755EE000 	C:\WINDOWS\system32\msctfime.ime
0x03430000 - 0x03454000 	C:\Program Files\Java\j2re1.4.2_04\bin\jsound.dll
0x76C30000 - 0x76C5E000 	C:\WINDOWS\system32\WINTRUST.dll
0x77A80000 - 0x77B14000 	C:\WINDOWS\system32\CRYPT32.dll
0x77B20000 - 0x77B32000 	C:\WINDOWS\system32\MSASN1.dll
0x76C90000 - 0x76CB8000 	C:\WINDOWS\system32\IMAGEHLP.dll
0x72D20000 - 0x72D29000 	C:\WINDOWS\system32\wdmaud.drv
0x72D10000 - 0x72D18000 	C:\WINDOWS\system32\msacm32.drv
0x77BE0000 - 0x77BF5000 	C:\WINDOWS\system32\MSACM32.dll
0x77BD0000 - 0x77BD7000 	C:\WINDOWS\system32\midimap.dll
0x03C60000 - 0x03C7E000 	C:\Program Files\Java\j2re1.4.2_04\bin\jpeg.dll
0x04180000 - 0x0457F000 	C:\WINDOWS\Resources\themes\Luna\Luna.msstyles
0x59A60000 - 0x59B01000 	C:\WINDOWS\system32\DBGHELP.dll
0x76BF0000 - 0x76BFB000 	C:\WINDOWS\system32\PSAPI.DLL

Heap at VM Abort:
Heap
 def new generation   total 4544K, used 4544K [0x10010000, 0x104f0000, 0x104f0000)
  eden space 4096K, 100% used [0x10010000, 0x10410000, 0x10410000)
  from space 448K, 100% used [0x10410000, 0x10480000, 0x10480000)
  to   space 448K,   0% used [0x10480000, 0x10480000, 0x104f0000)
 tenured generation   total 60544K, used 60536K [0x104f0000, 0x14010000, 0x14010000)
   the space 60544K,  99% used [0x104f0000, 0x1400e0c0, 0x1400e200, 0x14010000)
 compacting perm gen  total 7168K, used 6933K [0x14010000, 0x14710000, 0x18010000)
   the space 7168K,  96% used [0x14010000, 0x146d5638, 0x146d5800, 0x14710000)

Local Time = Mon Feb 20 19:00:16 2006
Elapsed Time = 567
#
# HotSpot Virtual Machine Error : EXCEPTION_ACCESS_VIOLATION
# Error ID : 4F530E43505002EF
# Please report this error at
# http://java.sun.com/cgi-bin/bugreport.cgi
#
# Java VM: Java HotSpot(TM) Client VM (1.4.2_04-b05 mixed mode)
#
